2022-Sep-10 19:11:27,870 [main] com.iris22a.config.TestBase 
  INFO  Chrome is open 
2022-Sep-10 19:11:34,039 [main] com.iris22a.keyword.UIKeywords 
  INFO  url is launched https://www.myntra.com
2022-Sep-10 19:11:34,578 [main] com.iris22a.keyword.UIKeywords 
  INFO  Enter button has press 
2022-Sep-10 19:11:39,087 [main] com.iris22a.keyword.UIKeywords 
  INFO  url is closed succefully
2022-Sep-10 19:11:40,928 [main] com.iris22a.config.TestBase 
  INFO  Chrome is open 
2022-Sep-10 19:11:46,873 [main] com.iris22a.keyword.UIKeywords 
  INFO  url is launched https://www.myntra.com
2022-Sep-10 19:11:46,874 [main] com.iris22a.womentest.WomenTest 
  INFO  myntra url launched
2022-Sep-10 19:11:47,096 [main] com.iris22a.womentest.WomenTest 
  INFO  hover on women menu
2022-Sep-10 19:11:52,678 [main] com.iris22a.womentest.WomenTest 
  INFO  click on indian & fusionwear
2022-Sep-10 19:11:55,488 [main] com.iris22a.keyword.UIKeywords 
  INFO  url is closed succefully
