2022-Sep-10 13:07:19,218 [main] com.iris22a.config.TestBase 
  INFO  Chrome is open 
2022-Sep-10 13:07:22,840 [main] com.iris22a.keyword.UIKeywords 
  INFO  url is launched https://www.myntra.com
2022-Sep-10 13:07:23,414 [main] com.iris22a.keyword.UIKeywords 
  INFO  Enter button has press 
2022-Sep-10 13:07:27,797 [main] com.iris22a.keyword.UIKeywords 
  INFO  url is closed succefully
2022-Sep-10 13:07:29,190 [main] com.iris22a.config.TestBase 
  INFO  Chrome is open 
2022-Sep-10 13:07:33,053 [main] com.iris22a.keyword.UIKeywords 
  INFO  url is launched https://www.myntra.com
2022-Sep-10 13:07:33,053 [main] com.iris22a.womentest.WomenTest 
  INFO  myntra url launched
2022-Sep-10 13:07:33,276 [main] com.iris22a.womentest.WomenTest 
  INFO  hover on women menu
2022-Sep-10 13:07:37,146 [main] com.iris22a.womentest.WomenTest 
  INFO  click on indian & fusionwear
2022-Sep-10 13:07:37,278 [main] com.iris22a.keyword.UIKeywords 
  INFO  url is closed succefully
