<<<<<<< HEAD
<<<<<<< HEAD
2022-Aug-21 21:24:41,181 [main] com.iris22a.config.TestBase 
  INFO  Chrome is open 
2022-Aug-21 21:24:45,027 [main] com.iris22a.keyword.UIKeywords 
  INFO  url is launched https://www.myntra.com
2022-Aug-21 21:24:45,294 [main] com.iris22a.pages.HomePage 
  INFO  mouse move to men menu
2022-Aug-21 21:24:49,410 [main] com.iris22a.pages.HomePage 
  INFO  click om menTshirt
2022-Aug-21 21:24:49,724 [main] com.iris22a.pages.menTShirtsPage 
  INFO  mousemove to sortByfilter
2022-Aug-21 21:24:50,006 [main] com.iris22a.keyword.UIKeywords 
=======
<<<<<<< HEAD
2022-Aug-21 19:47:43,541 [main] com.iris22a.config.TestBase 
=======
2022-Aug-21 22:20:15,749 [main] com.iris22a.config.TestBase 
>>>>>>> 5ca4d9ddf25f85b15ac234860122bf740bd41b96
  INFO  Chrome is open 
2022-Aug-21 22:20:19,104 [main] com.iris22a.keyword.UIKeywords 
  INFO  url is launched https://www.myntra.com
<<<<<<< HEAD
2022-Aug-21 19:47:51,224 [main] com.iris22a.keyword.UIKeywords 
=======
2022-Aug-17 16:46:04,494 [main] com.iris22a.config.TestBase 
  INFO  Chrome is open 
2022-Aug-17 16:46:16,996 [main] com.iris22a.keyword.UIKeywords 
  INFO  url is launched https://www.myntra.com
2022-Aug-17 16:46:25,193 [main] com.iris22a.pages.men.MenDropDownPage 
  INFO  Clicked on FormalShirt
2022-Aug-17 16:46:27,751 [main] com.iris22a.keyword.UIKeywords 
>>>>>>> 756337f4da3dc52137a4dace9a86e09839c41ee1
>>>>>>> 6b4440a92c892a67607b3fa88ebd10a9f4888cf3
=======
2022-Aug-21 22:20:24,385 [main] com.iris22a.keyword.UIKeywords 
>>>>>>> 5ca4d9ddf25f85b15ac234860122bf740bd41b96
  INFO  url is closed succefully
