2022-Sep-03 17:26:23,515 [main] com.iris22a.config.TestBase 
  INFO  Chrome is open 
2022-Sep-03 17:26:27,653 [main] com.iris22a.keyword.UIKeywords 
  INFO  url is launched https://www.myntra.com
2022-Sep-03 17:26:28,142 [main] com.iris22a.keyword.UIKeywords 
  INFO  Enter button has press 
2022-Sep-03 17:26:32,721 [main] com.iris22a.keyword.UIKeywords 
  INFO  url is closed succefully
2022-Sep-03 17:26:33,865 [main] com.iris22a.config.TestBase 
  INFO  Chrome is open 
2022-Sep-03 17:26:37,727 [main] com.iris22a.keyword.UIKeywords 
  INFO  url is launched https://www.myntra.com
2022-Sep-03 17:26:37,728 [main] com.iris22a.womentest.WomenTest 
  INFO  myntra url launched
2022-Sep-03 17:26:37,936 [main] com.iris22a.womentest.WomenTest 
  INFO  hover on women menu
2022-Sep-03 17:26:41,768 [main] com.iris22a.womentest.WomenTest 
  INFO  click on indian & fusionwear
2022-Sep-03 17:26:41,938 [main] com.iris22a.keyword.UIKeywords 
  INFO  url is closed succefully
