2022-Sep-03 19:01:17,176 [main] com.iris22a.config.TestBase 
  INFO  Chrome is open 
2022-Sep-03 19:01:21,213 [main] com.iris22a.keyword.UIKeywords 
  INFO  url is launched https://www.myntra.com
2022-Sep-03 19:01:21,789 [main] com.iris22a.keyword.UIKeywords 
  INFO  url is closed succefully
2022-Sep-03 19:01:23,085 [main] com.iris22a.config.TestBase 
  INFO  Chrome is open 
2022-Sep-03 19:01:26,895 [main] com.iris22a.keyword.UIKeywords 
  INFO  url is launched https://www.myntra.com
2022-Sep-03 19:01:27,366 [main] com.iris22a.keyword.UIKeywords 
  INFO  Enter button has press 
2022-Sep-03 19:01:34,454 [main] com.iris22a.keyword.UIKeywords 
  INFO  url is closed succefully
2022-Sep-03 19:01:35,459 [main] com.iris22a.config.TestBase 
  INFO  Chrome is open 
2022-Sep-03 19:01:39,547 [main] com.iris22a.keyword.UIKeywords 
  INFO  url is launched https://www.myntra.com
2022-Sep-03 19:01:39,873 [main] com.iris22a.keyword.UIKeywords 
  INFO  Enter button has press 
2022-Sep-03 19:01:44,292 [main] com.iris22a.keyword.UIKeywords 
  INFO  url is closed succefully
2022-Sep-03 19:01:45,392 [main] com.iris22a.config.TestBase 
  INFO  Chrome is open 
2022-Sep-03 19:01:49,465 [main] com.iris22a.keyword.UIKeywords 
  INFO  url is launched https://www.myntra.com
2022-Sep-03 19:01:49,465 [main] com.iris22a.womentest.WomenTest 
  INFO  myntra url launched
2022-Sep-03 19:01:49,629 [main] com.iris22a.womentest.WomenTest 
  INFO  hover on women menu
2022-Sep-03 19:01:53,781 [main] com.iris22a.womentest.WomenTest 
  INFO  click on indian & fusionwear
2022-Sep-03 19:01:53,963 [main] com.iris22a.keyword.UIKeywords 
  INFO  url is closed succefully
