2022-Sep-03 15:59:40,590 [main] com.iris22a.config.TestBase 
  INFO  Chrome is open 
2022-Sep-03 15:59:42,774 [main] com.iris22a.keyword.UIKeywords 
  INFO  url is launched https://www.myntra.com
2022-Sep-03 15:59:43,681 [main] com.iris22a.keyword.UIKeywords 
  INFO  Enter button has press 
2022-Sep-03 15:59:47,963 [main] com.iris22a.keyword.UIKeywords 
  INFO  url is closed succefully
2022-Sep-03 15:59:49,423 [main] com.iris22a.config.TestBase 
  INFO  Chrome is open 
2022-Sep-03 15:59:53,852 [main] com.iris22a.keyword.UIKeywords 
  INFO  url is launched https://www.myntra.com
2022-Sep-03 15:59:53,859 [main] com.iris22a.womentest.WomenTest 
  INFO  myntra url launched
2022-Sep-03 15:59:54,062 [main] com.iris22a.womentest.WomenTest 
  INFO  hover on women menu
2022-Sep-03 15:59:58,752 [main] com.iris22a.womentest.WomenTest 
  INFO  click on indian & fusionwear
2022-Sep-03 15:59:58,929 [main] com.iris22a.keyword.UIKeywords 
  INFO  url is closed succefully
