2022-Sep-03 15:44:12,573 [main] com.iris22a.config.TestBase 
  INFO  Chrome is open 
2022-Sep-03 15:44:17,211 [main] com.iris22a.keyword.UIKeywords 
  INFO  url is launched https://www.myntra.com
2022-Sep-03 15:44:17,760 [main] com.iris22a.keyword.UIKeywords 
  INFO  Enter button has press 
2022-Sep-03 15:44:23,139 [main] com.iris22a.keyword.UIKeywords 
  INFO  url is closed succefully
2022-Sep-03 15:44:24,395 [main] com.iris22a.config.TestBase 
  INFO  Chrome is open 
2022-Sep-03 15:44:28,730 [main] com.iris22a.keyword.UIKeywords 
  INFO  url is launched https://www.myntra.com
2022-Sep-03 15:44:28,731 [main] com.iris22a.womentest.WomenTest 
  INFO  myntra url launched
2022-Sep-03 15:44:28,935 [main] com.iris22a.womentest.WomenTest 
  INFO  hover on women menu
2022-Sep-03 15:44:33,366 [main] com.iris22a.womentest.WomenTest 
  INFO  click on indian & fusionwear
2022-Sep-03 15:44:35,880 [main] com.iris22a.keyword.UIKeywords 
  INFO  url is closed succefully
