2022-Sep-10 12:57:05,865 [main] com.iris22a.config.TestBase 
  INFO  Chrome is open 
2022-Sep-10 12:57:09,528 [main] com.iris22a.keyword.UIKeywords 
  INFO  url is launched https://www.myntra.com
2022-Sep-10 12:57:10,056 [main] com.iris22a.keyword.UIKeywords 
  INFO  Enter button has press 
2022-Sep-10 12:57:14,931 [main] com.iris22a.keyword.UIKeywords 
  INFO  url is closed succefully
2022-Sep-10 12:57:16,351 [main] com.iris22a.config.TestBase 
  INFO  Chrome is open 
2022-Sep-10 12:57:20,060 [main] com.iris22a.keyword.UIKeywords 
  INFO  url is launched https://www.myntra.com
2022-Sep-10 12:57:20,060 [main] com.iris22a.womentest.WomenTest 
  INFO  myntra url launched
2022-Sep-10 12:57:20,337 [main] com.iris22a.womentest.WomenTest 
  INFO  hover on women menu
2022-Sep-10 12:57:24,257 [main] com.iris22a.womentest.WomenTest 
  INFO  click on indian & fusionwear
2022-Sep-10 12:57:24,440 [main] com.iris22a.keyword.UIKeywords 
  INFO  url is closed succefully
